160128 15:53:27 [Note] Plugin 'FEDERATED' is disabled.
160128 15:53:27 InnoDB: The InnoDB memory heap is disabled
160128 15:53:27 InnoDB: Mutexes and rw_locks use Windows interlocked functions
160128 15:53:27 InnoDB: Compressed tables use zlib 1.2.3
160128 15:53:27 InnoDB: Initializing buffer pool, size = 128.0M
160128 15:53:27 InnoDB: Completed initialization of buffer pool
InnoDB: The first specified data file .\ibdata1 did not exist:
InnoDB: a new database to be created!
160128 15:53:28  InnoDB: Setting file .\ibdata1 size to 10 MB
InnoDB: Database physically writes the file full: wait...
160128 15:53:28  InnoDB: Log file .\ib_logfile0 did not exist: new to be created
InnoDB: Setting log file .\ib_logfile0 size to 5 MB
InnoDB: Database physically writes the file full: wait...
160128 15:53:28  InnoDB: Log file .\ib_logfile1 did not exist: new to be created
InnoDB: Setting log file .\ib_logfile1 size to 5 MB
InnoDB: Database physically writes the file full: wait...
InnoDB: Doublewrite buffer not found: creating new
InnoDB: Doublewrite buffer created
InnoDB: 127 rollback segment(s) active.
InnoDB: Creating foreign key constraint system tables
InnoDB: Foreign key constraint system tables created
160128 15:53:30  InnoDB: Waiting for the background threads to start
160128 15:53:31 InnoDB: 1.1.8 started; log sequence number 0
160128 15:53:31 [Note] Server hostname (bind-address): '127.0.0.1'; port: 3306
160128 15:53:31 [Note]   - '127.0.0.1' resolves to '127.0.0.1';
160128 15:53:31 [Note] Server socket created on IP: '127.0.0.1'.
