[Sun Feb 14 20:46:14 2016] [warn] Init: Name-based SSL virtual hosts only work for clients with TLS server name indication support (RFC 4366)
[Sun Feb 14 20:46:14 2016] [warn] pid file Z:/usr/local/apache/logs/httpd.pid overwritten -- Unclean shutdown of previous Apache run?
[Sun Feb 14 20:46:14 2016] [warn] Init: Name-based SSL virtual hosts only work for clients with TLS server name indication support (RFC 4366)
[Sun Feb 14 20:46:14 2016] [notice] Apache/2.2.22 (Win32) mod_ssl/2.2.22 OpenSSL/1.0.1c PHP/5.3.13 configured -- resuming normal operations
[Sun Feb 14 20:46:14 2016] [notice] Server built: Apr 20 2012 18:42:30
[Sun Feb 14 20:46:14 2016] [notice] Parent: Created child process 4064
[Sun Feb 14 20:46:14 2016] [notice] Disabled use of AcceptEx() WinSock2 API
[Sun Feb 14 20:46:15 2016] [warn] Init: Name-based SSL virtual hosts only work for clients with TLS server name indication support (RFC 4366)
[Sun Feb 14 20:46:15 2016] [warn] Init: Name-based SSL virtual hosts only work for clients with TLS server name indication support (RFC 4366)
[Sun Feb 14 20:46:15 2016] [notice] Child 4064: Child process is running
[Sun Feb 14 20:46:15 2016] [notice] Child 4064: Acquired the start mutex.
[Sun Feb 14 20:46:15 2016] [notice] Child 4064: Starting 25 worker threads.
[Sun Feb 14 20:46:15 2016] [notice] Child 4064: Listening on port 443.
[Sun Feb 14 20:46:15 2016] [notice] Child 4064: Listening on port 8648.
[Sun Feb 14 20:46:15 2016] [notice] Child 4064: Listening on port 443.
[Sun Feb 14 20:46:15 2016] [notice] Child 4064: Listening on port 80.
[Sun Feb 14 21:09:34 2016] [error] [client 127.0.0.1] File does not exist: Z:/home/localhost/www/shop.com/image/cache/data/\xd0\xa2\xd0\x9c-100x100.png, referer: http://localhost/shop.com/admin/index.php?route=common/filemanager&token=5a23f5e9870a7c3b6d25852d7b26363a&field=image1
[Sun Feb 14 21:09:34 2016] [error] [client 127.0.0.1] File does not exist: Z:/home/localhost/www/shop.com/image/cache/data/\xd0\xbb\xd0\xb5\xd1\x82\xd0\xbd\xd0\xb5\xd0\xb5 \xd1\x88\xd1\x91\xd0\xbb\xd0\xba\xd0\xbe\xd0\xb2\xd0\xbe\xd0\xb5 \xd0\xbf\xd0\xbb\xd0\xb0\xd1\x82\xd1\x8c\xd0\xb5-100x100.jpg, referer: http://localhost/shop.com/admin/index.php?route=common/filemanager&token=5a23f5e9870a7c3b6d25852d7b26363a&field=image1
[Sun Feb 14 21:09:34 2016] [error] [client 127.0.0.1] File does not exist: Z:/home/localhost/www/shop.com/image/cache/data/\xd1\x81\xd0\xb0\xd1\x80\xd0\xb0\xd1\x84\xd0\xb0\xd0\xbd_\xd0\xba\xd1\x80\xd0\xb0\xd1\x81\xd0\xbd\xd1\x8b\xd0\xb9123-100x100.jpg, referer: http://localhost/shop.com/admin/index.php?route=common/filemanager&token=5a23f5e9870a7c3b6d25852d7b26363a&field=image1
[Sun Feb 14 21:18:37 2016] [notice] Parent: Received shutdown signal -- Shutting down the server.
[Sun Feb 14 21:18:37 2016] [notice] Child 4064: Exit event signaled. Child process is ending.
[Sun Feb 14 21:18:38 2016] [notice] Child 4064: Released the start mutex
[Sun Feb 14 21:18:38 2016] [notice] Child 4064: All worker threads have exited.
[Sun Feb 14 21:18:38 2016] [notice] Child 4064: Child process is exiting
[Sun Feb 14 21:18:38 2016] [notice] Parent: Child process exited successfully.
